
[2024-05-03 14:49:34] : STARTING THE PROGRAM
************************************************

[2024-05-03 14:49:34] : Created initial replica directory: /home/haroldmiranda/z_python_task/replica
************************************************

[2024-05-03 14:49:49] : Created SOURCE FILE:/home/haroldmiranda/z_python_task/source/a.txt, LINKED/COPIED TO REPLICA:/home/haroldmiranda/z_python_task/replica/a.txt
************************************************

[2024-05-03 14:50:04] : Created SOURCE DIR:/home/haroldmiranda/z_python_task/source/1_folder, COPIED TO REPLICA:/home/haroldmiranda/z_python_task/replica/1_folder
************************************************

[2024-05-03 14:50:19] : Created SOURCE FILE:/home/haroldmiranda/z_python_task/source/1_folder/file.txt, LINKED/COPIED TO REPLICA:/home/haroldmiranda/z_python_task/replica/1_folder/file.txt
************************************************

[2024-05-03 14:58:48] : STARTING THE PROGRAM
************************************************

[2024-05-03 14:58:48] : Created SOURCE FILE:/home/haroldmiranda/z_python_task/source/b.txt, LINKED/COPIED TO REPLICA:/home/haroldmiranda/z_python_task/replica/b.txt
************************************************

[2024-06-24 08:30:59] : STARTING THE PROGRAM
************************************************

[2024-06-24 08:31:59] : FILE NOT FOUND ON SOURCE: b.txt, DELETED file from REPLICA: /home/haroldmiranda/z_python_task/replica/b.txt
************************************************

[2024-06-24 08:32:29] : Created SOURCE FILE:/home/haroldmiranda/z_python_task/source/b.txt, LINKED/COPIED TO REPLICA:/home/haroldmiranda/z_python_task/replica/b.txt
************************************************

[2024-06-24 08:32:59] : Created SOURCE DIR:/home/haroldmiranda/z_python_task/source/2_folder, COPIED TO REPLICA:/home/haroldmiranda/z_python_task/replica/2_folder
************************************************

[2024-06-24 08:33:29] : Created SOURCE DIR:/home/haroldmiranda/z_python_task/source/2_folder, COPIED TO REPLICA:/home/haroldmiranda/z_python_task/replica/2_folder
************************************************

[2024-06-24 08:37:29] : DIRECTORY NOT FOUND ON SOURCE: 2_folder, DELETED directory from REPLICA: /home/haroldmiranda/z_python_task/replica/2_folder
************************************************

[2024-06-24 09:27:02] : FILE NOT FOUND ON SOURCE: a.txt, DELETED file from REPLICA: /home/haroldmiranda/z_python_task/replica/a.txt
************************************************

[2024-06-24 09:30:08] : STARTING THE PROGRAM
************************************************

[2024-06-24 09:36:54] : STARTING THE PROGRAM
************************************************

[2024-06-24 09:37:54] : Created SOURCE FILE:/home/haroldmiranda/z_python_task/source/a.txt, LINKED/COPIED TO REPLICA:/home/haroldmiranda/z_python_task/replica/a.txt
************************************************
